<?xml version="1.0" encoding="UTF-8"?>
<testsuite name="back.backend.BackendApplicationTests" tests="1" skipped="0" failures="0" errors="0" timestamp="2022-01-08T15:19:53" hostname="DESKTOP-7D7IDGR" time="0.293">
  <properties/>
  <testcase name="contextLoads()" classname="back.backend.BackendApplicationTests" time="0.293"/>
  <system-out><![CDATA[12:19:51.478 [Test worker] DEBUG org.springframework.test.context.BootstrapUtils - Instantiating CacheAwareContextLoaderDelegate from class [org.springframework.test.context.cache.DefaultCacheAwareContextLoaderDelegate]
12:19:51.485 [Test worker] DEBUG org.springframework.test.context.BootstrapUtils - Instantiating BootstrapContext using constructor [public org.springframework.test.context.support.DefaultBootstrapContext(java.lang.Class,org.springframework.test.context.CacheAwareContextLoaderDelegate)]
12:19:51.508 [Test worker] DEBUG org.springframework.test.context.BootstrapUtils - Instantiating TestContextBootstrapper for test class [back.backend.BackendApplicationTests] from class [org.springframework.boot.test.context.SpringBootTestContextBootstrapper]
12:19:51.515 [Test worker] INFO org.springframework.boot.test.context.SpringBootTestContextBootstrapper - Neither @ContextConfiguration nor @ContextHierarchy found for test class [back.backend.BackendApplicationTests], using SpringBootContextLoader
12:19:51.518 [Test worker] DEBUG org.springframework.test.context.support.AbstractContextLoader - Did not detect default resource location for test class [back.backend.BackendApplicationTests]: class path resource [back/backend/BackendApplicationTests-context.xml] does not exist
12:19:51.518 [Test worker] DEBUG org.springframework.test.context.support.AbstractContextLoader - Did not detect default resource location for test class [back.backend.BackendApplicationTests]: class path resource [back/backend/BackendApplicationTestsContext.groovy] does not exist
12:19:51.518 [Test worker] INFO org.springframework.test.context.support.AbstractContextLoader - Could not detect default resource locations for test class [back.backend.BackendApplicationTests]: no resource found for suffixes {-context.xml, Context.groovy}.
12:19:51.519 [Test worker] INFO org.springframework.test.context.support.AnnotationConfigContextLoaderUtils - Could not detect default configuration classes for test class [back.backend.BackendApplicationTests]: BackendApplicationTests does not declare any static, non-private, non-final, nested classes annotated with @Configuration.
12:19:51.546 [Test worker] DEBUG org.springframework.test.context.support.ActiveProfilesUtils - Could not find an 'annotation declaring class' for annotation type [org.springframework.test.context.ActiveProfiles] and class [back.backend.BackendApplicationTests]
12:19:51.583 [Test worker] DEBUG org.springframework.context.annotation.ClassPathScanningCandidateComponentProvider - Identified candidate component class: file [C:\Users\Dyllan\Desktop\mingeso lab2\backendlab2mingeso\backend\build\classes\java\main\back\backend\BackendApplication.class]
12:19:51.584 [Test worker] INFO org.springframework.boot.test.context.SpringBootTestContextBootstrapper - Found @SpringBootConfiguration back.backend.BackendApplication for test class back.backend.BackendApplicationTests
12:19:51.650 [Test worker] DEBUG org.springframework.boot.test.context.SpringBootTestContextBootstrapper - @TestExecutionListeners is not present for class [back.backend.BackendApplicationTests]: using defaults.
12:19:51.651 [Test worker] INFO org.springframework.boot.test.context.SpringBootTestContextBootstrapper - Loaded default TestExecutionListener class names from location [META-INF/spring.factories]: [org.springframework.boot.test.autoconfigure.restdocs.RestDocsTestExecutionListener, org.springframework.boot.test.autoconfigure.web.client.MockRestServiceServerResetTestExecutionListener, org.springframework.boot.test.autoconfigure.web.servlet.MockMvcPrintOnlyOnFailureTestExecutionListener, org.springframework.boot.test.autoconfigure.web.servlet.WebDriverTestExecutionListener, org.springframework.boot.test.autoconfigure.webservices.client.MockWebServiceServerTestExecutionListener, org.springframework.boot.test.mock.mockito.MockitoTestExecutionListener, org.springframework.boot.test.mock.mockito.ResetMocksTestExecutionListener, org.springframework.test.context.web.ServletTestExecutionListener, org.springframework.test.context.support.DirtiesContextBeforeModesTestExecutionListener, org.springframework.test.context.event.ApplicationEventsTestExecutionListener, org.springframework.test.context.support.DependencyInjectionTestExecutionListener, org.springframework.test.context.support.DirtiesContextTestExecutionListener, org.springframework.test.context.transaction.TransactionalTestExecutionListener, org.springframework.test.context.jdbc.SqlScriptsTestExecutionListener, org.springframework.test.context.event.EventPublishingTestExecutionListener]
12:19:51.663 [Test worker] INFO org.springframework.boot.test.context.SpringBootTestContextBootstrapper - Using TestExecutionListeners: [org.springframework.test.context.web.ServletTestExecutionListener@1ddae9b5, org.springframework.test.context.support.DirtiesContextBeforeModesTestExecutionListener@427b5f92, org.springframework.test.context.event.ApplicationEventsTestExecutionListener@24bdb479, org.springframework.boot.test.mock.mockito.MockitoTestExecutionListener@7e3f95fe, org.springframework.boot.test.autoconfigure.SpringBootDependencyInjectionTestExecutionListener@34625ccd, org.springframework.test.context.support.DirtiesContextTestExecutionListener@2c7d121c, org.springframework.test.context.transaction.TransactionalTestExecutionListener@65aa6596, org.springframework.test.context.jdbc.SqlScriptsTestExecutionListener@67389cb8, org.springframework.test.context.event.EventPublishingTestExecutionListener@419a20a6, org.springframework.boot.test.autoconfigure.restdocs.RestDocsTestExecutionListener@533377b, org.springframework.boot.test.autoconfigure.web.client.MockRestServiceServerResetTestExecutionListener@3383649e, org.springframework.boot.test.autoconfigure.web.servlet.MockMvcPrintOnlyOnFailureTestExecutionListener@10fde30a, org.springframework.boot.test.autoconfigure.web.servlet.WebDriverTestExecutionListener@f27ea3, org.springframework.boot.test.autoconfigure.webservices.client.MockWebServiceServerTestExecutionListener@1ce61929, org.springframework.boot.test.mock.mockito.ResetMocksTestExecutionListener@346939bf]
12:19:51.666 [Test worker] DEBUG org.springframework.test.context.support.AbstractDirtiesContextTestExecutionListener - Before test class: context [DefaultTestContext@31e3250d testClass = BackendApplicationTests, testInstance = [null], testMethod = [null], testException = [null], mergedContextConfiguration = [WebMergedContextConfiguration@19fe4644 testClass = BackendApplicationTests, locations = '{}', classes = '{class back.backend.BackendApplication}', contextInitializerClasses = '[]', activeProfiles = '{}', propertySourceLocations = '{}', propertySourceProperties = '{org.springframework.boot.test.context.SpringBootTestContextBootstrapper=true}', contextCustomizers = set[org.springframework.boot.test.autoconfigure.actuate.metrics.MetricsExportContextCustomizerFactory$DisableMetricExportContextCustomizer@1b84f475, org.springframework.boot.test.autoconfigure.properties.PropertyMappingContextCustomizer@0, org.springframework.boot.test.autoconfigure.web.servlet.WebDriverContextCustomizerFactory$Customizer@b7c4869, org.springframework.boot.test.context.filter.ExcludeFilterContextCustomizer@676cf48, org.springframework.boot.test.json.DuplicateJsonObjectContextCustomizerFactory$DuplicateJsonObjectContextCustomizer@29a0cdb, org.springframework.boot.test.mock.mockito.MockitoContextCustomizer@0, org.springframework.boot.test.web.client.TestRestTemplateContextCustomizer@4f9a2c08, org.springframework.boot.test.context.SpringBootTestArgs@1, org.springframework.boot.test.context.SpringBootTestWebEnvironment@44821a96], resourceBasePath = 'src/main/webapp', contextLoader = 'org.springframework.boot.test.context.SpringBootContextLoader', parent = [null]], attributes = map['org.springframework.test.context.web.ServletTestExecutionListener.activateListener' -> true]], class annotated with @DirtiesContext [false] with mode [null].
12:19:51.695 [Test worker] DEBUG org.springframework.boot.ApplicationServletEnvironment - Activating profiles []
12:19:51.695 [Test worker] DEBUG org.springframework.test.context.support.TestPropertySourceUtils - Adding inlined properties to environment: {spring.jmx.enabled=false, org.springframework.boot.test.context.SpringBootTestContextBootstrapper=true}

  .   ____          _            __ _ _
 /\\ / ___'_ __ _ _(_)_ __  __ _ \ \ \ \
( ( )\___ | '_ | '_| | '_ \/ _` | \ \ \ \
 \\/  ___)| |_)| | | | | || (_| |  ) ) ) )
  '  |____| .__|_| |_|_| |_\__, | / / / /
 =========|_|==============|___/=/_/_/_/
 :: Spring Boot ::                (v2.6.2)

2022-01-08 12:19:51.868  INFO 19032 --- [    Test worker] back.backend.BackendApplicationTests     : Starting BackendApplicationTests using Java 17.0.1 on DESKTOP-7D7IDGR with PID 19032 (started by Dyllan in C:\Users\Dyllan\Desktop\mingeso lab2\backendlab2mingeso\backend)
2022-01-08 12:19:51.868  INFO 19032 --- [    Test worker] back.backend.BackendApplicationTests     : No active profile set, falling back to default profiles: default
2022-01-08 12:19:52.459  INFO 19032 --- [    Test worker] trationDelegate$BeanPostProcessorChecker : Bean 'org.springframework.ws.config.annotation.DelegatingWsConfiguration' of type [org.springframework.ws.config.annotation.DelegatingWsConfiguration$$EnhancerBySpringCGLIB$$bd181fb4] is not eligible for getting processed by all BeanPostProcessors (for example: not eligible for auto-proxying)
2022-01-08 12:19:52.493  INFO 19032 --- [    Test worker] .w.s.a.s.AnnotationActionEndpointMapping : Supporting [WS-Addressing August 2004, WS-Addressing 1.0]
2022-01-08 12:19:53.313  INFO 19032 --- [    Test worker] back.backend.BackendApplicationTests     : Started BackendApplicationTests in 1.617 seconds (JVM running for 2.341)
]]></system-out>
  <system-err><![CDATA[]]></system-err>
</testsuite>
